{"/Users/alwan/learning-dicoding/Backend-Expert/auth-api/src/Applications/security/PasswordHash.js": {"path":"/Users/alwan/learning-dicoding/Backend-Expert/auth-api/src/Applications/security/PasswordHash.js","statementMap":{"0":{"start":{"line":5,"column":8},"end":{"line":5,"column":64}},"1":{"start":{"line":9,"column":0},"end":{"line":9,"column":30}}},"fnMap":{"0":{"name":"(anonymous_0)","decl":{"start":{"line":4,"column":4},"end":{"line":4,"column":5}},"loc":{"start":{"line":4,"column":25},"end":{"line":6,"column":5}},"line":4}},"branchMap":{},"s":{"0":1,"1":4},"f":{"0":1},"b":{},"_coverageSchema":"1a1c01bbd47fc00a2c39e90264f33305004495a9","hash":"a76fff186c4eb589fea6b28516c9af261041d9c2"}
,"/Users/alwan/learning-dicoding/Backend-Expert/auth-api/src/Applications/use_case/AddUserUseCase.js": {"path":"/Users/alwan/learning-dicoding/Backend-Expert/auth-api/src/Applications/use_case/AddUserUseCase.js","statementMap":{"0":{"start":{"line":1,"column":21},"end":{"line":1,"column":73}},"1":{"start":{"line":5,"column":8},"end":{"line":5,"column":46}},"2":{"start":{"line":6,"column":8},"end":{"line":6,"column":42}},"3":{"start":{"line":10,"column":29},"end":{"line":10,"column":61}},"4":{"start":{"line":11,"column":8},"end":{"line":11,"column":82}},"5":{"start":{"line":12,"column":8},"end":{"line":12,"column":85}},"6":{"start":{"line":13,"column":8},"end":{"line":13,"column":58}},"7":{"start":{"line":17,"column":0},"end":{"line":17,"column":32}}},"fnMap":{"0":{"name":"(anonymous_0)","decl":{"start":{"line":4,"column":4},"end":{"line":4,"column":5}},"loc":{"start":{"line":4,"column":50},"end":{"line":7,"column":5}},"line":4},"1":{"name":"(anonymous_1)","decl":{"start":{"line":9,"column":4},"end":{"line":9,"column":5}},"loc":{"start":{"line":9,"column":34},"end":{"line":14,"column":5}},"line":9}},"branchMap":{},"s":{"0":2,"1":2,"2":2,"3":7,"4":3,"5":2,"6":2,"7":2},"f":{"0":2,"1":7},"b":{},"_coverageSchema":"1a1c01bbd47fc00a2c39e90264f33305004495a9","hash":"36eb653c95ad2df7e86b0d9ce7ac8d8a1fee4bb9"}
,"/Users/alwan/learning-dicoding/Backend-Expert/auth-api/src/Commons/exceptions/AuthenticationError.js": {"path":"/Users/alwan/learning-dicoding/Backend-Expert/auth-api/src/Commons/exceptions/AuthenticationError.js","statementMap":{"0":{"start":{"line":1,"column":20},"end":{"line":1,"column":44}},"1":{"start":{"line":5,"column":8},"end":{"line":5,"column":28}},"2":{"start":{"line":6,"column":8},"end":{"line":6,"column":42}},"3":{"start":{"line":10,"column":0},"end":{"line":10,"column":37}}},"fnMap":{"0":{"name":"(anonymous_0)","decl":{"start":{"line":4,"column":4},"end":{"line":4,"column":5}},"loc":{"start":{"line":4,"column":25},"end":{"line":7,"column":5}},"line":4}},"branchMap":{},"s":{"0":1,"1":1,"2":1,"3":1},"f":{"0":1},"b":{},"_coverageSchema":"1a1c01bbd47fc00a2c39e90264f33305004495a9","hash":"e5e40d2a0257e93b5614c840c913c05f81aa5ff8"}
,"/Users/alwan/learning-dicoding/Backend-Expert/auth-api/src/Commons/exceptions/ClientError.js": {"path":"/Users/alwan/learning-dicoding/Backend-Expert/auth-api/src/Commons/exceptions/ClientError.js","statementMap":{"0":{"start":{"line":3,"column":8},"end":{"line":3,"column":23}},"1":{"start":{"line":5,"column":8},"end":{"line":7,"column":9}},"2":{"start":{"line":6,"column":12},"end":{"line":6,"column":65}},"3":{"start":{"line":9,"column":8},"end":{"line":9,"column":37}},"4":{"start":{"line":10,"column":8},"end":{"line":10,"column":34}},"5":{"start":{"line":14,"column":0},"end":{"line":14,"column":29}}},"fnMap":{"0":{"name":"(anonymous_0)","decl":{"start":{"line":2,"column":4},"end":{"line":2,"column":5}},"loc":{"start":{"line":2,"column":43},"end":{"line":11,"column":5}},"line":2}},"branchMap":{"0":{"loc":{"start":{"line":2,"column":25},"end":{"line":2,"column":41}},"type":"default-arg","locations":[{"start":{"line":2,"column":38},"end":{"line":2,"column":41}}],"line":2},"1":{"loc":{"start":{"line":5,"column":8},"end":{"line":7,"column":9}},"type":"if","locations":[{"start":{"line":5,"column":8},"end":{"line":7,"column":9}},{"start":{},"end":{}}],"line":5}},"s":{"0":18,"1":18,"2":1,"3":17,"4":17,"5":7},"f":{"0":18},"b":{"0":[16],"1":[1,17]},"_coverageSchema":"1a1c01bbd47fc00a2c39e90264f33305004495a9","hash":"30cf3f590fdbfc4fb658e20d0dcca3f15ada7950"}
,"/Users/alwan/learning-dicoding/Backend-Expert/auth-api/src/Commons/exceptions/DomainErrorTranslator.js": {"path":"/Users/alwan/learning-dicoding/Backend-Expert/auth-api/src/Commons/exceptions/DomainErrorTranslator.js","statementMap":{"0":{"start":{"line":1,"column":23},"end":{"line":1,"column":50}},"1":{"start":{"line":3,"column":30},"end":{"line":7,"column":1}},"2":{"start":{"line":5,"column":8},"end":{"line":5,"column":74}},"3":{"start":{"line":9,"column":0},"end":{"line":14,"column":2}},"4":{"start":{"line":16,"column":0},"end":{"line":16,"column":39}}},"fnMap":{"0":{"name":"(anonymous_0)","decl":{"start":{"line":4,"column":4},"end":{"line":4,"column":5}},"loc":{"start":{"line":4,"column":21},"end":{"line":6,"column":5}},"line":4}},"branchMap":{"0":{"loc":{"start":{"line":5,"column":15},"end":{"line":5,"column":73}},"type":"binary-expr","locations":[{"start":{"line":5,"column":15},"end":{"line":5,"column":64}},{"start":{"line":5,"column":68},"end":{"line":5,"column":73}}],"line":5}},"s":{"0":2,"1":2,"2":12,"3":2,"4":2},"f":{"0":12},"b":{"0":[12,4]},"_coverageSchema":"1a1c01bbd47fc00a2c39e90264f33305004495a9","hash":"12359de77569009cd62f10100c3fc715221b4efe"}
,"/Users/alwan/learning-dicoding/Backend-Expert/auth-api/src/Commons/exceptions/InvariantError.js": {"path":"/Users/alwan/learning-dicoding/Backend-Expert/auth-api/src/Commons/exceptions/InvariantError.js","statementMap":{"0":{"start":{"line":1,"column":20},"end":{"line":1,"column":44}},"1":{"start":{"line":5,"column":8},"end":{"line":5,"column":23}},"2":{"start":{"line":6,"column":8},"end":{"line":6,"column":37}},"3":{"start":{"line":10,"column":0},"end":{"line":10,"column":32}}},"fnMap":{"0":{"name":"(anonymous_0)","decl":{"start":{"line":4,"column":4},"end":{"line":4,"column":5}},"loc":{"start":{"line":4,"column":25},"end":{"line":7,"column":5}},"line":4}},"branchMap":{},"s":{"0":4,"1":15,"2":15,"3":4},"f":{"0":15},"b":{},"_coverageSchema":"1a1c01bbd47fc00a2c39e90264f33305004495a9","hash":"43351419774d6610b121928419a64fc53bed28bc"}
,"/Users/alwan/learning-dicoding/Backend-Expert/auth-api/src/Commons/exceptions/NotFoundError.js": {"path":"/Users/alwan/learning-dicoding/Backend-Expert/auth-api/src/Commons/exceptions/NotFoundError.js","statementMap":{"0":{"start":{"line":1,"column":20},"end":{"line":1,"column":44}},"1":{"start":{"line":5,"column":8},"end":{"line":5,"column":28}},"2":{"start":{"line":6,"column":8},"end":{"line":6,"column":36}},"3":{"start":{"line":10,"column":0},"end":{"line":10,"column":31}}},"fnMap":{"0":{"name":"(anonymous_0)","decl":{"start":{"line":4,"column":4},"end":{"line":4,"column":5}},"loc":{"start":{"line":4,"column":25},"end":{"line":7,"column":5}},"line":4}},"branchMap":{},"s":{"0":1,"1":1,"2":1,"3":1},"f":{"0":1},"b":{},"_coverageSchema":"1a1c01bbd47fc00a2c39e90264f33305004495a9","hash":"7bfe0ba1249bdb3e1c66f08f0d3fc443524a2c2f"}
,"/Users/alwan/learning-dicoding/Backend-Expert/auth-api/src/Domains/users/UserRepository.js": {"path":"/Users/alwan/learning-dicoding/Backend-Expert/auth-api/src/Domains/users/UserRepository.js","statementMap":{"0":{"start":{"line":5,"column":8},"end":{"line":5,"column":66}},"1":{"start":{"line":9,"column":8},"end":{"line":9,"column":66}},"2":{"start":{"line":13,"column":0},"end":{"line":13,"column":32}}},"fnMap":{"0":{"name":"(anonymous_0)","decl":{"start":{"line":4,"column":4},"end":{"line":4,"column":5}},"loc":{"start":{"line":4,"column":32},"end":{"line":6,"column":5}},"line":4},"1":{"name":"(anonymous_1)","decl":{"start":{"line":8,"column":4},"end":{"line":8,"column":5}},"loc":{"start":{"line":8,"column":44},"end":{"line":10,"column":5}},"line":8}},"branchMap":{},"s":{"0":1,"1":1,"2":4},"f":{"0":1,"1":1},"b":{},"_coverageSchema":"1a1c01bbd47fc00a2c39e90264f33305004495a9","hash":"f03211a09eb49ac4a91ca71460aa4ef31fe42d9e"}
,"/Users/alwan/learning-dicoding/Backend-Expert/auth-api/src/Domains/users/entities/RegisterUser.js": {"path":"/Users/alwan/learning-dicoding/Backend-Expert/auth-api/src/Domains/users/entities/RegisterUser.js","statementMap":{"0":{"start":{"line":3,"column":8},"end":{"line":5,"column":9}},"1":{"start":{"line":4,"column":12},"end":{"line":4,"column":73}},"2":{"start":{"line":7,"column":8},"end":{"line":9,"column":9}},"3":{"start":{"line":8,"column":12},"end":{"line":8,"column":78}},"4":{"start":{"line":11,"column":8},"end":{"line":13,"column":9}},"5":{"start":{"line":12,"column":12},"end":{"line":12,"column":65}},"6":{"start":{"line":16,"column":8},"end":{"line":18,"column":9}},"7":{"start":{"line":17,"column":12},"end":{"line":17,"column":83}},"8":{"start":{"line":20,"column":8},"end":{"line":20,"column":33}},"9":{"start":{"line":21,"column":8},"end":{"line":21,"column":33}},"10":{"start":{"line":22,"column":8},"end":{"line":22,"column":33}},"11":{"start":{"line":26,"column":0},"end":{"line":26,"column":30}}},"fnMap":{"0":{"name":"(anonymous_0)","decl":{"start":{"line":2,"column":4},"end":{"line":2,"column":5}},"loc":{"start":{"line":2,"column":50},"end":{"line":23,"column":5}},"line":2}},"branchMap":{"0":{"loc":{"start":{"line":3,"column":8},"end":{"line":5,"column":9}},"type":"if","locations":[{"start":{"line":3,"column":8},"end":{"line":5,"column":9}},{"start":{},"end":{}}],"line":3},"1":{"loc":{"start":{"line":3,"column":12},"end":{"line":3,"column":47}},"type":"binary-expr","locations":[{"start":{"line":3,"column":12},"end":{"line":3,"column":21}},{"start":{"line":3,"column":25},"end":{"line":3,"column":34}},{"start":{"line":3,"column":38},"end":{"line":3,"column":47}}],"line":3},"2":{"loc":{"start":{"line":7,"column":8},"end":{"line":9,"column":9}},"type":"if","locations":[{"start":{"line":7,"column":8},"end":{"line":9,"column":9}},{"start":{},"end":{}}],"line":7},"3":{"loc":{"start":{"line":7,"column":12},"end":{"line":7,"column":104}},"type":"binary-expr","locations":[{"start":{"line":7,"column":12},"end":{"line":7,"column":40}},{"start":{"line":7,"column":44},"end":{"line":7,"column":72}},{"start":{"line":7,"column":76},"end":{"line":7,"column":104}}],"line":7},"4":{"loc":{"start":{"line":11,"column":8},"end":{"line":13,"column":9}},"type":"if","locations":[{"start":{"line":11,"column":8},"end":{"line":13,"column":9}},{"start":{},"end":{}}],"line":11},"5":{"loc":{"start":{"line":16,"column":8},"end":{"line":18,"column":9}},"type":"if","locations":[{"start":{"line":16,"column":8},"end":{"line":18,"column":9}},{"start":{},"end":{}}],"line":16}},"s":{"0":15,"1":2,"2":13,"3":2,"4":11,"5":2,"6":9,"7":2,"8":7,"9":7,"10":7,"11":4},"f":{"0":15},"b":{"0":[2,13],"1":[15,14,14],"2":[2,11],"3":[13,12,12],"4":[2,9],"5":[2,7]},"_coverageSchema":"1a1c01bbd47fc00a2c39e90264f33305004495a9","hash":"52d2d5993cd3660aaf3c6834a0cf25171a32e76b"}
,"/Users/alwan/learning-dicoding/Backend-Expert/auth-api/src/Domains/users/entities/RegisteredUser.js": {"path":"/Users/alwan/learning-dicoding/Backend-Expert/auth-api/src/Domains/users/entities/RegisteredUser.js","statementMap":{"0":{"start":{"line":5,"column":8},"end":{"line":5,"column":37}},"1":{"start":{"line":7,"column":43},"end":{"line":7,"column":50}},"2":{"start":{"line":9,"column":8},"end":{"line":9,"column":21}},"3":{"start":{"line":10,"column":8},"end":{"line":10,"column":33}},"4":{"start":{"line":11,"column":8},"end":{"line":11,"column":33}},"5":{"start":{"line":15,"column":8},"end":{"line":17,"column":9}},"6":{"start":{"line":16,"column":12},"end":{"line":16,"column":75}},"7":{"start":{"line":19,"column":8},"end":{"line":21,"column":9}},"8":{"start":{"line":20,"column":12},"end":{"line":20,"column":80}},"9":{"start":{"line":25,"column":0},"end":{"line":25,"column":32}}},"fnMap":{"0":{"name":"(anonymous_0)","decl":{"start":{"line":4,"column":4},"end":{"line":4,"column":5}},"loc":{"start":{"line":4,"column":25},"end":{"line":12,"column":5}},"line":4},"1":{"name":"(anonymous_1)","decl":{"start":{"line":14,"column":4},"end":{"line":14,"column":5}},"loc":{"start":{"line":14,"column":47},"end":{"line":22,"column":5}},"line":14}},"branchMap":{"0":{"loc":{"start":{"line":15,"column":8},"end":{"line":17,"column":9}},"type":"if","locations":[{"start":{"line":15,"column":8},"end":{"line":17,"column":9}},{"start":{},"end":{}}],"line":15},"1":{"loc":{"start":{"line":15,"column":12},"end":{"line":15,"column":41}},"type":"binary-expr","locations":[{"start":{"line":15,"column":12},"end":{"line":15,"column":15}},{"start":{"line":15,"column":19},"end":{"line":15,"column":28}},{"start":{"line":15,"column":32},"end":{"line":15,"column":41}}],"line":15},"2":{"loc":{"start":{"line":19,"column":8},"end":{"line":21,"column":9}},"type":"if","locations":[{"start":{"line":19,"column":8},"end":{"line":21,"column":9}},{"start":{},"end":{}}],"line":19},"3":{"loc":{"start":{"line":19,"column":12},"end":{"line":19,"column":98}},"type":"binary-expr","locations":[{"start":{"line":19,"column":12},"end":{"line":19,"column":34}},{"start":{"line":19,"column":38},"end":{"line":19,"column":66}},{"start":{"line":19,"column":70},"end":{"line":19,"column":98}}],"line":19}},"s":{"0":8,"1":6,"2":6,"3":6,"4":6,"5":8,"6":1,"7":7,"8":1,"9":4},"f":{"0":8,"1":8},"b":{"0":[1,7],"1":[8,7,7],"2":[1,6],"3":[7,6,6]},"_coverageSchema":"1a1c01bbd47fc00a2c39e90264f33305004495a9","hash":"ef285a6ecc43b3ba35396b24bbb9af7b8152539d"}
,"/Users/alwan/learning-dicoding/Backend-Expert/auth-api/src/Infrastructures/http/createServer.js": {"path":"/Users/alwan/learning-dicoding/Backend-Expert/auth-api/src/Infrastructures/http/createServer.js","statementMap":{"0":{"start":{"line":1,"column":13},"end":{"line":1,"column":34}},"1":{"start":{"line":2,"column":20},"end":{"line":2,"column":67}},"2":{"start":{"line":3,"column":30},"end":{"line":3,"column":87}},"3":{"start":{"line":4,"column":14},"end":{"line":4,"column":56}},"4":{"start":{"line":6,"column":21},"end":{"line":51,"column":1}},"5":{"start":{"line":7,"column":19},"end":{"line":10,"column":6}},"6":{"start":{"line":12,"column":4},"end":{"line":17,"column":7}},"7":{"start":{"line":19,"column":4},"end":{"line":48,"column":7}},"8":{"start":{"line":21,"column":29},"end":{"line":21,"column":36}},"9":{"start":{"line":22,"column":8},"end":{"line":45,"column":9}},"10":{"start":{"line":24,"column":36},"end":{"line":24,"column":77}},"11":{"start":{"line":26,"column":12},"end":{"line":33,"column":13}},"12":{"start":{"line":27,"column":36},"end":{"line":30,"column":18}},"13":{"start":{"line":31,"column":16},"end":{"line":31,"column":61}},"14":{"start":{"line":32,"column":16},"end":{"line":32,"column":35}},"15":{"start":{"line":35,"column":12},"end":{"line":37,"column":13}},"16":{"start":{"line":36,"column":16},"end":{"line":36,"column":34}},"17":{"start":{"line":39,"column":32},"end":{"line":42,"column":14}},"18":{"start":{"line":43,"column":12},"end":{"line":43,"column":34}},"19":{"start":{"line":44,"column":12},"end":{"line":44,"column":31}},"20":{"start":{"line":47,"column":8},"end":{"line":47,"column":26}},"21":{"start":{"line":50,"column":4},"end":{"line":50,"column":18}},"22":{"start":{"line":53,"column":0},"end":{"line":53,"column":30}}},"fnMap":{"0":{"name":"(anonymous_0)","decl":{"start":{"line":6,"column":21},"end":{"line":6,"column":22}},"loc":{"start":{"line":6,"column":42},"end":{"line":51,"column":1}},"line":6},"1":{"name":"(anonymous_1)","decl":{"start":{"line":19,"column":32},"end":{"line":19,"column":33}},"loc":{"start":{"line":19,"column":48},"end":{"line":48,"column":5}},"line":19}},"branchMap":{"0":{"loc":{"start":{"line":22,"column":8},"end":{"line":45,"column":9}},"type":"if","locations":[{"start":{"line":22,"column":8},"end":{"line":45,"column":9}},{"start":{},"end":{}}],"line":22},"1":{"loc":{"start":{"line":26,"column":12},"end":{"line":33,"column":13}},"type":"if","locations":[{"start":{"line":26,"column":12},"end":{"line":33,"column":13}},{"start":{},"end":{}}],"line":26},"2":{"loc":{"start":{"line":35,"column":12},"end":{"line":37,"column":13}},"type":"if","locations":[{"start":{"line":35,"column":12},"end":{"line":37,"column":13}},{"start":{},"end":{}}],"line":35}},"s":{"0":1,"1":1,"2":1,"3":1,"4":1,"5":8,"6":8,"7":8,"8":8,"9":8,"10":7,"11":7,"12":5,"13":5,"14":5,"15":2,"16":1,"17":1,"18":1,"19":1,"20":1,"21":8,"22":1},"f":{"0":8,"1":8},"b":{"0":[7,1],"1":[5,2],"2":[1,1]},"_coverageSchema":"1a1c01bbd47fc00a2c39e90264f33305004495a9","hash":"dc3639e1ff87a8d1b3d5edca2217a341b0951959"}
,"/Users/alwan/learning-dicoding/Backend-Expert/auth-api/src/Infrastructures/repository/UserRepositoryPostgres.js": {"path":"/Users/alwan/learning-dicoding/Backend-Expert/auth-api/src/Infrastructures/repository/UserRepositoryPostgres.js","statementMap":{"0":{"start":{"line":1,"column":23},"end":{"line":1,"column":73}},"1":{"start":{"line":2,"column":23},"end":{"line":2,"column":77}},"2":{"start":{"line":3,"column":23},"end":{"line":3,"column":68}},"3":{"start":{"line":7,"column":8},"end":{"line":7,"column":16}},"4":{"start":{"line":8,"column":8},"end":{"line":8,"column":26}},"5":{"start":{"line":9,"column":8},"end":{"line":9,"column":40}},"6":{"start":{"line":13,"column":22},"end":{"line":16,"column":9}},"7":{"start":{"line":18,"column":23},"end":{"line":18,"column":52}},"8":{"start":{"line":20,"column":8},"end":{"line":22,"column":9}},"9":{"start":{"line":21,"column":12},"end":{"line":21,"column":64}},"10":{"start":{"line":26,"column":49},"end":{"line":26,"column":61}},"11":{"start":{"line":27,"column":19},"end":{"line":27,"column":48}},"12":{"start":{"line":29,"column":22},"end":{"line":32,"column":9}},"13":{"start":{"line":34,"column":23},"end":{"line":34,"column":52}},"14":{"start":{"line":36,"column":8},"end":{"line":36,"column":57}},"15":{"start":{"line":40,"column":0},"end":{"line":40,"column":40}}},"fnMap":{"0":{"name":"(anonymous_0)","decl":{"start":{"line":6,"column":4},"end":{"line":6,"column":5}},"loc":{"start":{"line":6,"column":35},"end":{"line":10,"column":5}},"line":6},"1":{"name":"(anonymous_1)","decl":{"start":{"line":12,"column":4},"end":{"line":12,"column":5}},"loc":{"start":{"line":12,"column":44},"end":{"line":23,"column":5}},"line":12},"2":{"name":"(anonymous_2)","decl":{"start":{"line":25,"column":4},"end":{"line":25,"column":5}},"loc":{"start":{"line":25,"column":32},"end":{"line":37,"column":5}},"line":25}},"branchMap":{"0":{"loc":{"start":{"line":20,"column":8},"end":{"line":22,"column":9}},"type":"if","locations":[{"start":{"line":20,"column":8},"end":{"line":22,"column":9}},{"start":{},"end":{}}],"line":20}},"s":{"0":2,"1":2,"2":2,"3":5,"4":5,"5":5,"6":4,"7":4,"8":4,"9":2,"10":3,"11":3,"12":3,"13":3,"14":3,"15":2},"f":{"0":5,"1":4,"2":3},"b":{"0":[2,2]},"_coverageSchema":"1a1c01bbd47fc00a2c39e90264f33305004495a9","hash":"d0ca8f7d1c8d7aecd9e00bda4100ef5a5938ab11"}
,"/Users/alwan/learning-dicoding/Backend-Expert/auth-api/src/Infrastructures/security/BcryptPasswordHash.js": {"path":"/Users/alwan/learning-dicoding/Backend-Expert/auth-api/src/Infrastructures/security/BcryptPasswordHash.js","statementMap":{"0":{"start":{"line":1,"column":21},"end":{"line":1,"column":72}},"1":{"start":{"line":5,"column":8},"end":{"line":5,"column":16}},"2":{"start":{"line":6,"column":8},"end":{"line":6,"column":30}},"3":{"start":{"line":7,"column":8},"end":{"line":7,"column":36}},"4":{"start":{"line":11,"column":8},"end":{"line":11,"column":60}},"5":{"start":{"line":15,"column":0},"end":{"line":15,"column":36}}},"fnMap":{"0":{"name":"(anonymous_0)","decl":{"start":{"line":4,"column":4},"end":{"line":4,"column":5}},"loc":{"start":{"line":4,"column":40},"end":{"line":8,"column":5}},"line":4},"1":{"name":"(anonymous_1)","decl":{"start":{"line":10,"column":4},"end":{"line":10,"column":5}},"loc":{"start":{"line":10,"column":25},"end":{"line":12,"column":5}},"line":10}},"branchMap":{"0":{"loc":{"start":{"line":4,"column":24},"end":{"line":4,"column":38}},"type":"default-arg","locations":[{"start":{"line":4,"column":36},"end":{"line":4,"column":38}}],"line":4}},"s":{"0":2,"1":2,"2":2,"3":2,"4":2,"5":2},"f":{"0":2,"1":2},"b":{"0":[2]},"_coverageSchema":"1a1c01bbd47fc00a2c39e90264f33305004495a9","hash":"233062db7e831eac42da2bb102c41b0911e79b99"}
,"/Users/alwan/learning-dicoding/Backend-Expert/auth-api/src/Interfaces/http/api/users/handler.js": {"path":"/Users/alwan/learning-dicoding/Backend-Expert/auth-api/src/Interfaces/http/api/users/handler.js","statementMap":{"0":{"start":{"line":1,"column":23},"end":{"line":1,"column":82}},"1":{"start":{"line":5,"column":8},"end":{"line":5,"column":36}},"2":{"start":{"line":7,"column":8},"end":{"line":7,"column":63}},"3":{"start":{"line":11,"column":31},"end":{"line":11,"column":79}},"4":{"start":{"line":12,"column":26},"end":{"line":12,"column":71}},"5":{"start":{"line":13,"column":25},"end":{"line":18,"column":10}},"6":{"start":{"line":19,"column":8},"end":{"line":19,"column":27}},"7":{"start":{"line":20,"column":8},"end":{"line":20,"column":24}},"8":{"start":{"line":24,"column":0},"end":{"line":24,"column":30}}},"fnMap":{"0":{"name":"(anonymous_0)","decl":{"start":{"line":4,"column":4},"end":{"line":4,"column":5}},"loc":{"start":{"line":4,"column":27},"end":{"line":8,"column":5}},"line":4},"1":{"name":"(anonymous_1)","decl":{"start":{"line":10,"column":4},"end":{"line":10,"column":5}},"loc":{"start":{"line":10,"column":38},"end":{"line":21,"column":5}},"line":10}},"branchMap":{},"s":{"0":1,"1":8,"2":8,"3":7,"4":6,"5":1,"6":1,"7":1,"8":1},"f":{"0":8,"1":7},"b":{},"_coverageSchema":"1a1c01bbd47fc00a2c39e90264f33305004495a9","hash":"7aab1a977ace5d9641d809868bde3b19418aef18"}
,"/Users/alwan/learning-dicoding/Backend-Expert/auth-api/src/Interfaces/http/api/users/index.js": {"path":"/Users/alwan/learning-dicoding/Backend-Expert/auth-api/src/Interfaces/http/api/users/index.js","statementMap":{"0":{"start":{"line":1,"column":21},"end":{"line":1,"column":41}},"1":{"start":{"line":2,"column":15},"end":{"line":2,"column":34}},"2":{"start":{"line":4,"column":0},"end":{"line":10,"column":2}},"3":{"start":{"line":7,"column":29},"end":{"line":7,"column":56}},"4":{"start":{"line":8,"column":8},"end":{"line":8,"column":43}}},"fnMap":{"0":{"name":"(anonymous_0)","decl":{"start":{"line":6,"column":14},"end":{"line":6,"column":15}},"loc":{"start":{"line":6,"column":47},"end":{"line":9,"column":5}},"line":6}},"branchMap":{},"s":{"0":1,"1":1,"2":1,"3":8,"4":8},"f":{"0":8},"b":{},"_coverageSchema":"1a1c01bbd47fc00a2c39e90264f33305004495a9","hash":"f1ed03d4040617c8d2f849a00a13e0adcda33869"}
,"/Users/alwan/learning-dicoding/Backend-Expert/auth-api/src/Interfaces/http/api/users/routes.js": {"path":"/Users/alwan/learning-dicoding/Backend-Expert/auth-api/src/Interfaces/http/api/users/routes.js","statementMap":{"0":{"start":{"line":1,"column":15},"end":{"line":7,"column":2}},"1":{"start":{"line":1,"column":29},"end":{"line":7,"column":1}},"2":{"start":{"line":9,"column":0},"end":{"line":9,"column":24}}},"fnMap":{"0":{"name":"(anonymous_0)","decl":{"start":{"line":1,"column":15},"end":{"line":1,"column":16}},"loc":{"start":{"line":1,"column":29},"end":{"line":7,"column":1}},"line":1}},"branchMap":{},"s":{"0":1,"1":8,"2":1},"f":{"0":8},"b":{},"_coverageSchema":"1a1c01bbd47fc00a2c39e90264f33305004495a9","hash":"8b6910cdda509f41e9caaf400c96431759b736be"}
}
